<?xml version="1.0" encoding="UTF-8"?>
<!-- Generated by org.testng.reporters.JUnitXMLReporter -->
<testsuite ignored="1" hostname="DESKTOP-051EIJR" failures="1" tests="1" name="Test" time="16.795" errors="0" timestamp="2024-02-07T22:56:23 IST">
  <testcase classname="TestCases.QALegendTestCases" name="addProjects" time="3.476">
    <failure type="java.lang.AssertionError" message="expected [addprojects_pagetitle] but found [Projects]">
      <![CDATA[java.lang.AssertionError: expected [addprojects_pagetitle] but found [Projects]
at TestCases.QALegendTestCases.addProjects(QALegendTestCases.java:131)
at java.base/java.util.ArrayList.forEach(ArrayList.java:1511)
... Removed 33 stack frames]]>
    </failure>
  </testcase> <!-- addProjects -->
  <testcase classname="TestCases.QALegendTestCases" name="loginCRM" time="0.0">
    <ignored/>
  </testcase> <!-- loginCRM -->
</testsuite> <!-- Test -->
