<?xml version="1.0" encoding="UTF-8"?>
<testng-results ignored="0" total="1" passed="1" failed="0" skipped="0">
  <reporter-output>
  </reporter-output>
  <suite started-at="2024-02-06T12:21:27 IST" name="Suite" finished-at="2024-02-06T12:21:39 IST" duration-ms="11957">
    <groups>
    </groups>
    <test started-at="2024-02-06T12:21:27 IST" name="Test" finished-at="2024-02-06T12:21:39 IST" duration-ms="11957">
      <class name="TestCases.QALegendTestCases">
        <test-method is-config="true" signature="initilization(java.lang.String)[pri:0, instance:TestCases.QALegendTestCases@409bf450]" started-at="2024-02-06T12:21:27 IST" name="initilization" finished-at="2024-02-06T12:21:37 IST" duration-ms="10496" status="PASS">
          <params>
            <param index="0">
              <value>
                <![CDATA[Chrome]]>
              </value>
            </param>
          </params>
          <reporter-output>
          </reporter-output>
        </test-method> <!-- initilization -->
        <test-method signature="addTimeManually()[pri:0, instance:TestCases.QALegendTestCases@409bf450]" started-at="2024-02-06T12:21:37 IST" name="addTimeManually" finished-at="2024-02-06T12:21:39 IST" duration-ms="1408" status="PASS">
          <reporter-output>
          </reporter-output>
        </test-method> <!-- addTimeManually -->
      </class> <!-- TestCases.QALegendTestCases -->
    </test> <!-- Test -->
  </suite> <!-- Suite -->
</testng-results>
