<?xml version="1.0" encoding="UTF-8"?>
<testng-results ignored="0" total="1" passed="1" failed="0" skipped="0">
  <reporter-output>
  </reporter-output>
  <suite started-at="2024-02-06T23:32:38 IST" name="Suite" finished-at="2024-02-06T23:32:47 IST" duration-ms="9077">
    <groups>
    </groups>
    <test started-at="2024-02-06T23:32:38 IST" name="Test" finished-at="2024-02-06T23:32:47 IST" duration-ms="9077">
      <class name="TestCases.QALegendTestCases">
        <test-method is-config="true" signature="initilization(java.lang.String)[pri:0, instance:TestCases.QALegendTestCases@3b6ddd1d]" started-at="2024-02-06T23:32:38 IST" name="initilization" finished-at="2024-02-06T23:32:44 IST" duration-ms="5762" status="PASS">
          <params>
            <param index="0">
              <value>
                <![CDATA[Chrome]]>
              </value>
            </param>
          </params>
          <reporter-output>
          </reporter-output>
        </test-method> <!-- initilization -->
        <test-method signature="addProjects()[pri:0, instance:TestCases.QALegendTestCases@3b6ddd1d]" started-at="2024-02-06T23:32:44 IST" name="addProjects" finished-at="2024-02-06T23:32:47 IST" duration-ms="3258" status="PASS">
          <reporter-output>
          </reporter-output>
        </test-method> <!-- addProjects -->
      </class> <!-- TestCases.QALegendTestCases -->
    </test> <!-- Test -->
  </suite> <!-- Suite -->
</testng-results>
