<?xml version="1.0" encoding="UTF-8"?>
<testng-results ignored="0" total="1" passed="1" failed="0" skipped="0">
  <reporter-output>
  </reporter-output>
  <suite started-at="2024-02-08T23:54:20 IST" name="Suite" finished-at="2024-02-08T23:54:42 IST" duration-ms="21568">
    <groups>
    </groups>
    <test started-at="2024-02-08T23:54:20 IST" name="Test" finished-at="2024-02-08T23:54:42 IST" duration-ms="21568">
      <class name="TestCases.QALegendTestCases">
        <test-method is-config="true" signature="initilization(java.lang.String)[pri:0, instance:TestCases.QALegendTestCases@611889f4]" started-at="2024-02-08T23:54:20 IST" name="initilization" finished-at="2024-02-08T23:54:36 IST" duration-ms="16022" status="PASS">
          <params>
            <param index="0">
              <value>
                <![CDATA[Chrome]]>
              </value>
            </param>
          </params>
          <reporter-output>
          </reporter-output>
        </test-method> <!-- initilization -->
        <test-method signature="editAnnouncement()[pri:0, instance:TestCases.QALegendTestCases@611889f4]" started-at="2024-02-08T23:54:36 IST" name="editAnnouncement" finished-at="2024-02-08T23:54:42 IST" duration-ms="5472" status="PASS">
          <reporter-output>
          </reporter-output>
        </test-method> <!-- editAnnouncement -->
      </class> <!-- TestCases.QALegendTestCases -->
    </test> <!-- Test -->
  </suite> <!-- Suite -->
</testng-results>
